<?xml version="1.0" encoding="UTF-8"?>
<!-- Generated by org.testng.reporters.JUnitReportReporter -->
<testsuite skipped="0" hostname="DESKTOP-IC54V12" name="com.helloworld.HelloWorldTest" tests="1" failures="0" timestamp="12 Aug 2018 07:46:53 GMT" time="0.004" errors="0">
  <testcase name="printHellowWorld" time="0.004" classname="com.helloworld.HelloWorldTest"/>
</testsuite> <!-- com.helloworld.HelloWorldTest -->
